RUN	Rosim.BasicSimulation	basicsimulation	1650299562753	 	3.3.1
USER	load test	1	START	1650299564527	1650299564527
REQUEST	1		dashboardObjectsBudget	1650299564601	1650299565064	OK	 
USER	load test	2	START	1650299565527	1650299565527
REQUEST	2		dashboardObjectsBudget	1650299565530	1650299565942	OK	 
REQUEST	1		dashboardObjectsBudget Redirect 1	1650299565108	1650299566160	OK	 
REQUEST	1		dashboardObjectsBudget Redirect 2	1650299566164	1650299566393	KO	status.find.is(35345), but actually found 200
USER	load test	1	END	1650299564527	1650299566439
USER	load test	3	START	1650299566546	1650299566546
REQUEST	2		dashboardObjectsBudget Redirect 1	1650299565944	1650299566799	OK	 
REQUEST	3		dashboardObjectsBudget	1650299566547	1650299566995	OK	 
REQUEST	2		dashboardObjectsBudget Redirect 2	1650299566800	1650299567012	KO	status.find.is(35345), but actually found 200
USER	load test	2	END	1650299565527	1650299567015
USER	load test	4	START	1650299567527	1650299567527
REQUEST	4		dashboardObjectsBudget	1650299567531	1650299567978	OK	 
REQUEST	3		dashboardObjectsBudget Redirect 1	1650299567000	1650299567999	OK	 
REQUEST	3		dashboardObjectsBudget Redirect 2	1650299568000	1650299568207	KO	status.find.is(35345), but actually found 200
USER	load test	3	END	1650299566546	1650299568211
USER	load test	5	START	1650299568527	1650299568527
REQUEST	5		dashboardObjectsBudget	1650299568529	1650299568978	OK	 
REQUEST	4		dashboardObjectsBudget Redirect 1	1650299567981	1650299569032	OK	 
REQUEST	4		dashboardObjectsBudget Redirect 2	1650299569033	1650299569234	KO	status.find.is(35345), but actually found 200
USER	load test	4	END	1650299567527	1650299569238
REQUEST	5		dashboardObjectsBudget Redirect 1	1650299568981	1650299569989	OK	 
REQUEST	5		dashboardObjectsBudget Redirect 2	1650299569994	1650299570200	KO	status.find.is(35345), but actually found 200
USER	load test	5	END	1650299568527	1650299570204
